<?xml version="1.0" encoding="UTF-8"?>
<!-- Generated by org.testng.reporters.JUnitReportReporter -->
<testsuite hostname="DESKTOP-G0PELCU" failures="0" tests="1" name="com.inetbanking.TestCases.TC_EditCustomer_004" time="23.840" errors="0" timestamp="27 Jan 2024 06:34:59 GMT" skipped="0">
  <testcase classname="com.inetbanking.TestCases.TC_EditCustomer_004" name="EditCustomer" time="23.840"/>
</testsuite> <!-- com.inetbanking.TestCases.TC_EditCustomer_004 -->
