<?xml version="1.0" encoding="UTF-8"?>
<!-- Generated by org.testng.reporters.JUnitReportReporter -->
<testsuite hostname="DESKTOP-G0PELCU" failures="0" tests="1" name="com.inetbanking.TestCases.TC_NewAccount_005" time="19.727" errors="0" timestamp="28 Jan 2024 01:15:23 GMT" skipped="0">
  <testcase classname="com.inetbanking.TestCases.TC_NewAccount_005" name="NewAccount" time="19.727"/>
</testsuite> <!-- com.inetbanking.TestCases.TC_NewAccount_005 -->
