<?xml version="1.0" encoding="UTF-8"?>
<!-- Generated by org.testng.reporters.JUnitReportReporter -->
<testsuite hostname="DESKTOP-G0PELCU" failures="0" tests="1" name="com.inetbanking.TestCases.TC_LoginDDT_002" time="0.000" errors="0" timestamp="22 Jan 2024 13:49:15 GMT" skipped="1">
  <testcase classname="com.inetbanking.TestCases.TC_LoginDDT_002" name="loginDDT" time="0.000">
    <skipped/>
  </testcase> <!-- loginDDT -->
</testsuite> <!-- com.inetbanking.TestCases.TC_LoginDDT_002 -->
