<?xml version="1.0" encoding="UTF-8"?>
<!-- Generated by org.testng.reporters.JUnitReportReporter -->
<testsuite hostname="DESKTOP-G0PELCU" failures="0" tests="1" name="com.inetbanking.TestCases.TC_LoginTest_001" time="2.423" errors="0" timestamp="23 Jan 2024 08:17:37 GMT" skipped="0">
  <testcase classname="com.inetbanking.TestCases.TC_LoginTest_001" name="loginTest" time="2.423"/>
</testsuite> <!-- com.inetbanking.TestCases.TC_LoginTest_001 -->
