<?xml version="1.0" encoding="UTF-8"?>
<!-- Generated by org.testng.reporters.JUnitReportReporter -->
<testsuite hostname="DESKTOP-G0PELCU" failures="0" tests="1" name="com.inetbanking.TestCases.TC_LoginTest_001" time="3.406" errors="0" timestamp="25 Jan 2024 02:47:38 GMT" skipped="0">
  <testcase classname="com.inetbanking.TestCases.TC_LoginTest_001" name="loginTest" time="3.406"/>
</testsuite> <!-- com.inetbanking.TestCases.TC_LoginTest_001 -->
